<?xml version="1.0" encoding="UTF-8"?>
<!-- Generated by org.testng.reporters.JUnitReportReporter -->
<testsuite hostname="shreyass-MacBook-Air.local" failures="0" tests="2" name="Tests.SeleniumEasyTest" time="4.001" errors="0" timestamp="2021-06-12T10:06:18 IST" skipped="0">
  <testcase classname="Tests.SeleniumEasyTest" name="HomeScreenTestCases" time="2.678"/>
  <system-out/>
  <testcase classname="Tests.SeleniumEasyTest" name="InputForm" time="1.323"/>
  <system-out/>
</testsuite> <!-- Tests.SeleniumEasyTest -->
